# JRE version: Java(TM) SE Runtime Environment (17.0.12+8) (build 17.0.12+8-LTS-286)
# Java VM: Java HotSpot(TM) 64-Bit Server VM (17.0.12+8-LTS-286, mixed mode, emulated-client, sharing, tiered, compressed oops, compressed class ptrs, g1 gc, windows-amd64)
GC Precious Log:
 CPUs: 4 total, 4 available
 Memory: 10239M
 Large Page Support: Disabled
 NUMA Support: Disabled
 Compressed Oops: Enabled (Zero based)
 Heap Region Size: 2M
 Heap Min Capacity: 8M
 Heap Initial Capacity: 160M
 Heap Max Capacity: 2560M
 Pre-touch: Disabled
 Parallel Workers: 4
 Concurrent Workers: 1
 Concurrent Refinement Workers: 4
 Periodic GC: Disabled
Heap:
 garbage-first heap   total 92160K, used 63329K [0x0000000760000000, 0x0000000800000000)
  region size 2048K, 13 young (26624K), 3 survivors (6144K)
 Metaspace       used 88094K, committed 88832K, reserved 1179648K
  class space    used 12737K, committed 13056K, reserved 1048576K
GC Heap History (20 events):
Event: 1592.499 GC heap before
{Heap before GC invocations=24 (full 0):
 garbage-first heap   total 92160K, used 75253K [0x0000000760000000, 0x0000000800000000)
  region size 2048K, 18 young (36864K), 2 survivors (4096K)
 Metaspace       used 79720K, committed 80384K, reserved 1179648K
  class space    used 11500K, committed 11776K, reserved 1048576K
}
Event: 1592.504 GC heap after
{Heap after GC invocations=25 (full 0):
 garbage-first heap   total 92160K, used 42805K [0x0000000760000000, 0x0000000800000000)
  region size 2048K, 2 young (4096K), 2 survivors (4096K)
 Metaspace       used 79720K, committed 80384K, reserved 1179648K
  class space    used 11500K, committed 11776K, reserved 1048576K
}
Event: 1903.284 GC heap before
{Heap before GC invocations=25 (full 0):
 garbage-first heap   total 92160K, used 75573K [0x0000000760000000, 0x0000000800000000)
  region size 2048K, 18 young (36864K), 2 survivors (4096K)
 Metaspace       used 79720K, committed 80384K, reserved 1179648K
  class space    used 11500K, committed 11776K, reserved 1048576K
}
Event: 1903.289 GC heap after
{Heap after GC invocations=26 (full 0):
 garbage-first heap   total 92160K, used 43128K [0x0000000760000000, 0x0000000800000000)
  region size 2048K, 2 young (4096K), 2 survivors (4096K)
 Metaspace       used 79720K, committed 80384K, reserved 1179648K
  class space    used 11500K, committed 11776K, reserved 1048576K
}
Event: 2237.900 GC heap before
{Heap before GC invocations=26 (full 0):
 garbage-first heap   total 92160K, used 75896K [0x0000000760000000, 0x0000000800000000)
  region size 2048K, 18 young (36864K), 2 survivors (4096K)
 Metaspace       used 79720K, committed 80384K, reserved 1179648K
  class space    used 11500K, committed 11776K, reserved 1048576K
}
Event: 2237.907 GC heap after
{Heap after GC invocations=27 (full 0):
 garbage-first heap   total 92160K, used 43227K [0x0000000760000000, 0x0000000800000000)
  region size 2048K, 2 young (4096K), 2 survivors (4096K)
 Metaspace       used 79720K, committed 80384K, reserved 1179648K
  class space    used 11500K, committed 11776K, reserved 1048576K
}
Event: 2571.379 GC heap before
{Heap before GC invocations=27 (full 0):
 garbage-first heap   total 92160K, used 75995K [0x0000000760000000, 0x0000000800000000)
  region size 2048K, 18 young (36864K), 2 survivors (4096K)
 Metaspace       used 79720K, committed 80384K, reserved 1179648K
  class space    used 11500K, committed 11776K, reserved 1048576K
}
Event: 2571.385 GC heap after
{Heap after GC invocations=28 (full 0):
 garbage-first heap   total 92160K, used 43264K [0x0000000760000000, 0x0000000800000000)
  region size 2048K, 2 young (4096K), 2 survivors (4096K)
 Metaspace       used 79720K, committed 80384K, reserved 1179648K
  class space    used 11500K, committed 11776K, reserved 1048576K
}
Event: 2905.430 GC heap before
{Heap before GC invocations=28 (full 0):
 garbage-first heap   total 92160K, used 76032K [0x0000000760000000, 0x0000000800000000)
  region size 2048K, 18 young (36864K), 2 survivors (4096K)
 Metaspace       used 79720K, committed 80384K, reserved 1179648K
  class space    used 11500K, committed 11776K, reserved 1048576K
}
Event: 2905.437 GC heap after
{Heap after GC invocations=29 (full 0):
 garbage-first heap   total 92160K, used 43243K [0x0000000760000000, 0x0000000800000000)
  region size 2048K, 2 young (4096K), 2 survivors (4096K)
 Metaspace       used 79720K, committed 80384K, reserved 1179648K
  class space    used 11500K, committed 11776K, reserved 1048576K
}
Event: 3200.927 GC heap before
{Heap before GC invocations=29 (full 0):
 garbage-first heap   total 92160K, used 76011K [0x0000000760000000, 0x0000000800000000)
  region size 2048K, 18 young (36864K), 2 survivors (4096K)
 Metaspace       used 79720K, committed 80384K, reserved 1179648K
  class space    used 11500K, committed 11776K, reserved 1048576K
}
Event: 3200.933 GC heap after
{Heap after GC invocations=30 (full 0):
 garbage-first heap   total 92160K, used 43253K [0x0000000760000000, 0x0000000800000000)
  region size 2048K, 2 young (4096K), 2 survivors (4096K)
 Metaspace       used 79720K, committed 80384K, reserved 1179648K
  class space    used 11500K, committed 11776K, reserved 1048576K
}
Event: 3517.500 GC heap before
{Heap before GC invocations=30 (full 0):
 garbage-first heap   total 92160K, used 76021K [0x0000000760000000, 0x0000000800000000)
  region size 2048K, 18 young (36864K), 2 survivors (4096K)
 Metaspace       used 79720K, committed 80384K, reserved 1179648K
  class space    used 11500K, committed 11776K, reserved 1048576K
}
Event: 3517.507 GC heap after
{Heap after GC invocations=31 (full 0):
 garbage-first heap   total 92160K, used 43611K [0x0000000760000000, 0x0000000800000000)
  region size 2048K, 2 young (4096K), 2 survivors (4096K)
 Metaspace       used 79720K, committed 80384K, reserved 1179648K
  class space    used 11500K, committed 11776K, reserved 1048576K
}
Event: 3851.193 GC heap before
{Heap before GC invocations=31 (full 0):
 garbage-first heap   total 92160K, used 76379K [0x0000000760000000, 0x0000000800000000)
  region size 2048K, 18 young (36864K), 2 survivors (4096K)
 Metaspace       used 79721K, committed 80384K, reserved 1179648K
  class space    used 11500K, committed 11776K, reserved 1048576K
}
Event: 3851.200 GC heap after
{Heap after GC invocations=32 (full 0):
 garbage-first heap   total 92160K, used 43323K [0x0000000760000000, 0x0000000800000000)
  region size 2048K, 2 young (4096K), 2 survivors (4096K)
 Metaspace       used 79721K, committed 80384K, reserved 1179648K
  class space    used 11500K, committed 11776K, reserved 1048576K
}
Event: 4184.863 GC heap before
{Heap before GC invocations=32 (full 0):
 garbage-first heap   total 92160K, used 76091K [0x0000000760000000, 0x0000000800000000)
  region size 2048K, 18 young (36864K), 2 survivors (4096K)
 Metaspace       used 79721K, committed 80384K, reserved 1179648K
  class space    used 11500K, committed 11776K, reserved 1048576K
}
Event: 4184.867 GC heap after
{Heap after GC invocations=33 (full 0):
 garbage-first heap   total 92160K, used 43168K [0x0000000760000000, 0x0000000800000000)
  region size 2048K, 2 young (4096K), 2 survivors (4096K)
 Metaspace       used 79721K, committed 80384K, reserved 1179648K
  class space    used 11500K, committed 11776K, reserved 1048576K
}
Event: 4199.938 GC heap before
{Heap before GC invocations=33 (full 0):
 garbage-first heap   total 92160K, used 73888K [0x0000000760000000, 0x0000000800000000)
  region size 2048K, 18 young (36864K), 2 survivors (4096K)
 Metaspace       used 86573K, committed 87232K, reserved 1179648K
  class space    used 12540K, committed 12864K, reserved 1048576K
}
Event: 4199.945 GC heap after
{Heap after GC invocations=34 (full 0):
 garbage-first heap   total 92160K, used 44897K [0x0000000760000000, 0x0000000800000000)
  region size 2048K, 3 young (6144K), 3 survivors (6144K)
 Metaspace       used 86573K, committed 87232K, reserved 1179648K
  class space    used 12540K, committed 12864K, reserved 1048576K
}

